

Microchip Technology PIC LITE Macro Assembler V1.33 build 59893 
                                                                                               Thu Feb 06 22:01:52 2025

Microchip Technology Omniscient Code Generator (Lite mode) build 59893
     1                           	processor	16F877A
     2                           	opt	pw 120
     3                           	opt	lm
     4                           	psect	maintext,global,class=CODE,split=1,delta=2
     5                           	psect	cinit,global,class=CODE,merge=1,delta=2
     6                           	psect	cstackCOMMON,global,class=COMMON,space=1,delta=1
     7                           	dabs	1,0x7E,2
     8  0000                     	;# 
     9  0001                     	;# 
    10  0002                     	;# 
    11  0003                     	;# 
    12  0004                     	;# 
    13  0005                     	;# 
    14  0006                     	;# 
    15  0007                     	;# 
    16  0008                     	;# 
    17  0009                     	;# 
    18  000A                     	;# 
    19  000B                     	;# 
    20  000C                     	;# 
    21  000D                     	;# 
    22  000E                     	;# 
    23  000E                     	;# 
    24  000F                     	;# 
    25  0010                     	;# 
    26  0011                     	;# 
    27  0012                     	;# 
    28  0013                     	;# 
    29  0014                     	;# 
    30  0015                     	;# 
    31  0015                     	;# 
    32  0016                     	;# 
    33  0017                     	;# 
    34  0018                     	;# 
    35  0019                     	;# 
    36  001A                     	;# 
    37  001B                     	;# 
    38  001B                     	;# 
    39  001C                     	;# 
    40  001D                     	;# 
    41  001E                     	;# 
    42  001F                     	;# 
    43  0081                     	;# 
    44  0085                     	;# 
    45  0086                     	;# 
    46  0087                     	;# 
    47  0088                     	;# 
    48  0089                     	;# 
    49  008C                     	;# 
    50  008D                     	;# 
    51  008E                     	;# 
    52  0091                     	;# 
    53  0092                     	;# 
    54  0093                     	;# 
    55  0094                     	;# 
    56  0098                     	;# 
    57  0099                     	;# 
    58  009C                     	;# 
    59  009D                     	;# 
    60  009E                     	;# 
    61  009F                     	;# 
    62  010C                     	;# 
    63  010D                     	;# 
    64  010E                     	;# 
    65  010F                     	;# 
    66  018C                     	;# 
    67  018D                     	;# 
    68  0006                     _PORTB	set	6
    69  0028                     _RA0	set	40
    70  009F                     _ADCON1	set	159
    71  0085                     _TRISA	set	133
    72  0086                     _TRISB	set	134
    73                           
    74                           	psect	maintext
    75  078C                     __pmaintext:	
    76                           ; #config settings
    77                           
    78                           
    79                           ;psect for function _main
    80  0000                     
    81 ;;
    82 ;;Main: autosize = 0, tempsize = 0, incstack = 0, save=0
    83 ;;
    84 ;; *************** function _main *****************
    85 ;; Defined at:
    86 ;;		line 12 in file "C:\Users\ivorr\OneDrive\Documents\abEMBEDDED\Untitled.c"
    87 ;; Parameters:    Size  Location     Type
    88 ;;		None
    89 ;; Auto vars:     Size  Location     Type
    90 ;;  cnt             2    2[COMMON] int 
    91 ;;  i               2    0[COMMON] int 
    92 ;; Return value:  Size  Location     Type
    93 ;;		None               void
    94 ;; Registers used:
    95 ;;		wreg, status,2, btemp+1
    96 ;; Tracked objects:
    97 ;;		On entry : 17F/0
    98 ;;		On exit  : 0/0
    99 ;;		Unchanged: 0/0
   100 ;; Data sizes:     COMMON   BANK0   BANK1   BANK3   BANK2
   101 ;;      Params:         0       0       0       0       0
   102 ;;      Locals:         4       0       0       0       0
   103 ;;      Temps:          0       0       0       0       0
   104 ;;      Totals:         4       0       0       0       0
   105 ;;Total ram usage:        4 bytes
   106 ;; This function calls:
   107 ;;		Nothing
   108 ;; This function is called by:
   109 ;;		Startup code after reset
   110 ;; This function uses a non-reentrant model
   111 ;;
   112  078C                     _main:	
   113                           
   114                           ;Untitled.c: 15: int i, cnt;
   115                           ;Untitled.c: 16: TRISB = 0x00;
   116                           
   117                           ;incstack = 0
   118                           ; Regs used in _main: [wreg+status,2+btemp+1]
   119  078C  1683               	bsf	3,5	;RP0=1, select bank1
   120  078D  1303               	bcf	3,6	;RP1=0, select bank1
   121  078E  0186               	clrf	6	;volatile
   122                           
   123                           ;Untitled.c: 17: TRISA = 0x01;
   124  078F  3001               	movlw	1
   125  0790  0085               	movwf	5	;volatile
   126                           
   127                           ;Untitled.c: 18: ADCON1 = 0x06;
   128  0791  3006               	movlw	6
   129  0792  009F               	movwf	31	;volatile
   130                           
   131                           ;Untitled.c: 20: PORTB = 0x00;
   132  0793  1283               	bcf	3,5	;RP0=0, select bank0
   133  0794  1303               	bcf	3,6	;RP1=0, select bank0
   134  0795  0186               	clrf	6	;volatile
   135                           
   136                           ;Untitled.c: 21: if(RA0 == 1){
   137  0796  1C05               	btfss	5,0	;volatile
   138  0797  2FF9               	goto	l20
   139                           
   140                           ;Untitled.c: 22: for(i=0; i<3; i++){
   141  0798  01F0               	clrf	main@i
   142  0799  01F1               	clrf	main@i+1
   143  079A  0871               	movf	main@i+1,w
   144  079B  3A80               	xorlw	128
   145  079C  00FF               	movwf	127
   146  079D  3080               	movlw	128
   147  079E  027F               	subwf	127,w
   148  079F  1D03               	skipz
   149  07A0  2FA3               	goto	u25
   150  07A1  3003               	movlw	3
   151  07A2  0270               	subwf	main@i,w
   152  07A3                     u25:	
   153  07A3  1803               	btfsc	3,0
   154  07A4  2FF9               	goto	l20
   155  07A5                     l491:	
   156                           
   157                           ;Untitled.c: 23: for(cnt=0; cnt<1000;cnt++);
   158  07A5  01F2               	clrf	main@cnt
   159  07A6  01F3               	clrf	main@cnt+1
   160  07A7  0873               	movf	main@cnt+1,w
   161  07A8  3A80               	xorlw	128
   162  07A9  00FF               	movwf	127
   163  07AA  3083               	movlw	131
   164  07AB  027F               	subwf	127,w
   165  07AC  1D03               	skipz
   166  07AD  2FB0               	goto	u35
   167  07AE  30E8               	movlw	232
   168  07AF  0272               	subwf	main@cnt,w
   169  07B0                     u35:	
   170  07B0  1803               	btfsc	3,0
   171  07B1  2FC3               	goto	l501
   172  07B2                     l497:	
   173  07B2  3001               	movlw	1
   174  07B3  07F2               	addwf	main@cnt,f
   175  07B4  1803               	skipnc
   176  07B5  0AF3               	incf	main@cnt+1,f
   177  07B6  3000               	movlw	0
   178  07B7  07F3               	addwf	main@cnt+1,f
   179  07B8  0873               	movf	main@cnt+1,w
   180  07B9  3A80               	xorlw	128
   181  07BA  00FF               	movwf	127
   182  07BB  3083               	movlw	131
   183  07BC  027F               	subwf	127,w
   184  07BD  1D03               	skipz
   185  07BE  2FC1               	goto	u45
   186  07BF  30E8               	movlw	232
   187  07C0  0272               	subwf	main@cnt,w
   188  07C1                     u45:	
   189  07C1  1C03               	skipc
   190  07C2  2FB2               	goto	l497
   191  07C3                     l501:	
   192                           
   193                           ;Untitled.c: 24: PORTB = 0x01;
   194  07C3  3001               	movlw	1
   195  07C4  1283               	bcf	3,5	;RP0=0, select bank0
   196  07C5  1303               	bcf	3,6	;RP1=0, select bank0
   197  07C6  0086               	movwf	6	;volatile
   198                           
   199                           ;Untitled.c: 25: for(cnt=0; cnt<1000;cnt++);
   200  07C7  01F2               	clrf	main@cnt
   201  07C8  01F3               	clrf	main@cnt+1
   202  07C9  0873               	movf	main@cnt+1,w
   203  07CA  3A80               	xorlw	128
   204  07CB  00FF               	movwf	127
   205  07CC  3083               	movlw	131
   206  07CD  027F               	subwf	127,w
   207  07CE  1D03               	skipz
   208  07CF  2FD2               	goto	u55
   209  07D0  30E8               	movlw	232
   210  07D1  0272               	subwf	main@cnt,w
   211  07D2                     u55:	
   212  07D2  1803               	btfsc	3,0
   213  07D3  2FE5               	goto	l513
   214  07D4                     l509:	
   215  07D4  3001               	movlw	1
   216  07D5  07F2               	addwf	main@cnt,f
   217  07D6  1803               	skipnc
   218  07D7  0AF3               	incf	main@cnt+1,f
   219  07D8  3000               	movlw	0
   220  07D9  07F3               	addwf	main@cnt+1,f
   221  07DA  0873               	movf	main@cnt+1,w
   222  07DB  3A80               	xorlw	128
   223  07DC  00FF               	movwf	127
   224  07DD  3083               	movlw	131
   225  07DE  027F               	subwf	127,w
   226  07DF  1D03               	skipz
   227  07E0  2FE3               	goto	u65
   228  07E1  30E8               	movlw	232
   229  07E2  0272               	subwf	main@cnt,w
   230  07E3                     u65:	
   231  07E3  1C03               	skipc
   232  07E4  2FD4               	goto	l509
   233  07E5                     l513:	
   234                           
   235                           ;Untitled.c: 26: PORTB = 0x00;
   236  07E5  1283               	bcf	3,5	;RP0=0, select bank0
   237  07E6  1303               	bcf	3,6	;RP1=0, select bank0
   238  07E7  0186               	clrf	6	;volatile
   239  07E8  3001               	movlw	1
   240  07E9  07F0               	addwf	main@i,f
   241  07EA  1803               	skipnc
   242  07EB  0AF1               	incf	main@i+1,f
   243  07EC  3000               	movlw	0
   244  07ED  07F1               	addwf	main@i+1,f
   245  07EE  0871               	movf	main@i+1,w
   246  07EF  3A80               	xorlw	128
   247  07F0  00FF               	movwf	127
   248  07F1  3080               	movlw	128
   249  07F2  027F               	subwf	127,w
   250  07F3  1D03               	skipz
   251  07F4  2FF7               	goto	u75
   252  07F5  3003               	movlw	3
   253  07F6  0270               	subwf	main@i,w
   254  07F7                     u75:	
   255  07F7  1C03               	skipc
   256  07F8  2FA5               	goto	l491
   257  07F9                     l20:	
   258                           ;Untitled.c: 28: }
   259                           ;Untitled.c: 29: }
   260                           ;Untitled.c: 30: return;
   261                           
   262  07F9  120A  118A  2800   	ljmp	start
   263  07FC                     __end_of_main:	
   264  007E                     btemp	set	126	;btemp
   265  007E                     wtemp	set	126
   266  007E                     wtemp0	set	126
   267  0080                     wtemp1	set	128
   268  0082                     wtemp2	set	130
   269  0084                     wtemp3	set	132
   270  0086                     wtemp4	set	134
   271  0088                     wtemp5	set	136
   272  007F                     wtemp6	set	127
   273  007E                     ttemp	set	126
   274  007E                     ttemp0	set	126
   275  0081                     ttemp1	set	129
   276  0084                     ttemp2	set	132
   277  0087                     ttemp3	set	135
   278  007F                     ttemp4	set	127
   279  007E                     ltemp	set	126
   280  007E                     ltemp0	set	126
   281  0082                     ltemp1	set	130
   282  0086                     ltemp2	set	134
   283  0080                     ltemp3	set	128
   284                           
   285                           	psect	cinit
   286  07FC                     start_initialization:	
   287  07FC                     __initialization:	
   288  07FC                     end_of_initialization:	
   289                           ;End of C runtime variable initialization code
   290                           
   291  07FC                     __end_of__initialization:	
   292  07FC  0183               	clrf	3
   293  07FD  120A  118A  2F8C   	ljmp	_main	;jump to C main() function
   294                           
   295                           	psect	cstackCOMMON
   296  0070                     __pcstackCOMMON:	
   297  0070                     ?_main:	
   298  0070                     ??_main:	
   299                           ; 0 bytes @ 0x0
   300                           
   301  0070                     main@i:	
   302                           ; 0 bytes @ 0x0
   303                           
   304                           
   305                           ; 2 bytes @ 0x0
   306  0070                     	ds	2
   307  0072                     main@cnt:	
   308                           
   309                           ; 2 bytes @ 0x2
   310  0072                     	ds	2


Data Sizes:
    Strings     0
    Constant    0
    Data        0
    BSS         0
    Persistent  0
    Stack       0

Auto Spaces:
    Space          Size  Autos    Used
    COMMON           14      4       4
    BANK0            80      0       0
    BANK1            80      0       0
    BANK3            96      0       0
    BANK2            96      0       0

Pointer List with Targets:

    None.

Critical Paths under _main in COMMON

    None.

Critical Paths under _main in BANK0

    None.

Critical Paths under _main in BANK1

    None.

Critical Paths under _main in BANK3

    None.

Critical Paths under _main in BANK2

    None.

Call Graph Tables:

 ---------------------------------------------------------------------------------
 (Depth) Function   	        Calls       Base Space   Used Autos Params    Refs
 ---------------------------------------------------------------------------------
 (0) _main                                                 4     4      0      90
                                              0 COMMON     4     4      0
 ---------------------------------------------------------------------------------
 Estimated maximum stack depth 0
 ---------------------------------------------------------------------------------

 Call Graph Graphs:

 _main (ROOT)

 Address spaces:
Name               Size   Autos  Total    Cost      Usage
BITCOMMON            E      0       0       0        0.0%
EEDATA             100      0       0       0        0.0%
NULL                 0      0       0       0        0.0%
CODE                 0      0       0       0        0.0%
COMMON               E      4       4       1       28.6%
BITSFR0              0      0       0       1        0.0%
SFR0                 0      0       0       1        0.0%
BITSFR1              0      0       0       2        0.0%
SFR1                 0      0       0       2        0.0%
STACK                0      0       0       2        0.0%
ABS                  0      0       0       3        0.0%
BITBANK0            50      0       0       4        0.0%
BITSFR3              0      0       0       4        0.0%
SFR3                 0      0       0       4        0.0%
BANK0               50      0       0       5        0.0%
BITSFR2              0      0       0       5        0.0%
SFR2                 0      0       0       5        0.0%
BITBANK1            50      0       0       6        0.0%
BANK1               50      0       0       7        0.0%
BITBANK3            60      0       0       8        0.0%
BANK3               60      0       0       9        0.0%
BITBANK2            60      0       0      10        0.0%
BANK2               60      0       0      11        0.0%
DATA                 0      0       0      12        0.0%


Microchip Technology PIC Macro Assembler V1.33 build 59893 
Symbol Table                                                                                   Thu Feb 06 22:01:52 2025

            __CFG_CP$OFF 0000                       l20 07F9                       u25 07A3  
                     u35 07B0                       u45 07C1                       u55 07D2  
                     u65 07E3                       u75 07F7                      l501 07C3  
                    l513 07E5                      l509 07D4                      l491 07A5  
                    l497 07B2                      _RA0 0028             __CFG_CPD$OFF 0000  
           __CFG_FOSC$XT 0000             __CFG_LVP$OFF 0000             __CFG_WRT$OFF 0000  
                   _main 078C                     btemp 007E            __CFG_BOREN$ON 0000  
                   ltemp 007E                     start 0000                     ttemp 007E  
                   wtemp 007E                    ?_main 0070            __CFG_WDTE$OFF 0000  
                  _PORTB 0006                    _TRISA 0085                    _TRISB 0086  
          __CFG_PWRTE$ON 0000                    main@i 0070                    ltemp0 007E  
                  ltemp1 0082                    ltemp2 0086                    ltemp3 0080  
                  ttemp0 007E                    ttemp1 0081                    ttemp2 0084  
                  ttemp3 0087                    ttemp4 007F                    status 0003  
                  wtemp0 007E                    wtemp1 0080                    wtemp2 0082  
                  wtemp3 0084                    wtemp4 0086                    wtemp5 0088  
                  wtemp6 007F          __initialization 07FC             __end_of_main 07FC  
                 ??_main 0070                   _ADCON1 009F  __end_of__initialization 07FC  
         __pcstackCOMMON 0070               __pmaintext 078C                  main@cnt 0072  
   end_of_initialization 07FC      start_initialization 07FC                ___latbits 0002  
          __size_of_main 0070  
