

Microchip Technology PIC LITE Macro Assembler V1.33 build 59893 
                                                                                               Wed Feb 12 21:43:40 2025

Microchip Technology Omniscient Code Generator (Lite mode) build 59893
     1                           	processor	16F877A
     2                           	opt	pw 120
     3                           	opt	lm
     4                           	psect	maintext,global,class=CODE,split=1,delta=2
     5                           	psect	cinit,global,class=CODE,merge=1,delta=2
     6                           	psect	cstackCOMMON,global,class=COMMON,space=1,delta=1
     7                           	dabs	1,0x7E,2
     8  0000                     	;# 
     9  0001                     	;# 
    10  0002                     	;# 
    11  0003                     	;# 
    12  0004                     	;# 
    13  0005                     	;# 
    14  0006                     	;# 
    15  0007                     	;# 
    16  0008                     	;# 
    17  0009                     	;# 
    18  000A                     	;# 
    19  000B                     	;# 
    20  000C                     	;# 
    21  000D                     	;# 
    22  000E                     	;# 
    23  000E                     	;# 
    24  000F                     	;# 
    25  0010                     	;# 
    26  0011                     	;# 
    27  0012                     	;# 
    28  0013                     	;# 
    29  0014                     	;# 
    30  0015                     	;# 
    31  0015                     	;# 
    32  0016                     	;# 
    33  0017                     	;# 
    34  0018                     	;# 
    35  0019                     	;# 
    36  001A                     	;# 
    37  001B                     	;# 
    38  001B                     	;# 
    39  001C                     	;# 
    40  001D                     	;# 
    41  001E                     	;# 
    42  001F                     	;# 
    43  0081                     	;# 
    44  0085                     	;# 
    45  0086                     	;# 
    46  0087                     	;# 
    47  0088                     	;# 
    48  0089                     	;# 
    49  008C                     	;# 
    50  008D                     	;# 
    51  008E                     	;# 
    52  0091                     	;# 
    53  0092                     	;# 
    54  0093                     	;# 
    55  0094                     	;# 
    56  0098                     	;# 
    57  0099                     	;# 
    58  009C                     	;# 
    59  009D                     	;# 
    60  009E                     	;# 
    61  009F                     	;# 
    62  010C                     	;# 
    63  010D                     	;# 
    64  010E                     	;# 
    65  010F                     	;# 
    66  018C                     	;# 
    67  018D                     	;# 
    68  0005                     _PORTA	set	5
    69  0006                     _PORTB	set	6
    70  0008                     _PORTD	set	8
    71  0038                     _RC0	set	56
    72  0039                     _RC1	set	57
    73  003A                     _RC2	set	58
    74  0044                     _RD4	set	68
    75  0085                     _TRISA	set	133
    76  0088                     _TRISD	set	136
    77                           
    78                           	psect	maintext
    79  07A5                     __pmaintext:	
    80                           ; #config settings
    81                           
    82                           
    83                           ;psect for function _main
    84  0000                     
    85 ;;
    86 ;;Main: autosize = 0, tempsize = 2, incstack = 0, save=0
    87 ;;
    88 ;; *************** function _main *****************
    89 ;; Defined at:
    90 ;;		line 54 in file "C:\Users\ivorr\OneDrive\Documents\abEMBEDDED\PA2\PA2\LE2-2.c"
    91 ;; Parameters:    Size  Location     Type
    92 ;;		None
    93 ;; Auto vars:     Size  Location     Type
    94 ;;  DATA            2    2[COMMON] int 
    95 ;; Return value:  Size  Location     Type
    96 ;;		None               void
    97 ;; Registers used:
    98 ;;		wreg, status,2, status,0
    99 ;; Tracked objects:
   100 ;;		On entry : 17F/0
   101 ;;		On exit  : 0/0
   102 ;;		Unchanged: 0/0
   103 ;; Data sizes:     COMMON   BANK0   BANK1   BANK3   BANK2
   104 ;;      Params:         0       0       0       0       0
   105 ;;      Locals:         2       0       0       0       0
   106 ;;      Temps:          2       0       0       0       0
   107 ;;      Totals:         4       0       0       0       0
   108 ;;Total ram usage:        4 bytes
   109 ;; This function calls:
   110 ;;		Nothing
   111 ;; This function is called by:
   112 ;;		Startup code after reset
   113 ;; This function uses a non-reentrant model
   114 ;;
   115  07A5                     _main:	
   116                           
   117                           ;LE2-2.c: 59: TRISA = 0x00;
   118                           
   119                           ;incstack = 0
   120                           ; Regs used in _main: [wreg+status,2+status,0]
   121  07A5  1683               	bsf	3,5	;RP0=1, select bank1
   122  07A6  1303               	bcf	3,6	;RP1=0, select bank1
   123  07A7  0185               	clrf	5	;volatile
   124                           
   125                           ;LE2-2.c: 60: TRISD = 0xFF;
   126  07A8  30FF               	movlw	255
   127  07A9  0088               	movwf	8	;volatile
   128  07AA                     l37:	
   129                           ;LE2-2.c: 62: int DATA;
   130                           ;LE2-2.c: 64: while(1){
   131                           
   132                           
   133                           ;LE2-2.c: 66: DATA = PORTD & 0x0F;
   134  07AA  1283               	bcf	3,5	;RP0=0, select bank0
   135  07AB  0808               	movf	8,w	;volatile
   136  07AC  390F               	andlw	15
   137  07AD  00F0               	movwf	??_main
   138  07AE  01F1               	clrf	??_main+1
   139  07AF  0870               	movf	??_main,w
   140  07B0  00F2               	movwf	main@DATA
   141  07B1  0871               	movf	??_main+1,w
   142  07B2  00F3               	movwf	main@DATA+1
   143  07B3                     l38:	
   144                           ;LE2-2.c: 67: while(RD4){}
   145                           
   146  07B3  1A08               	btfsc	8,4	;volatile
   147  07B4  2FB3               	goto	l38
   148                           
   149                           ;LE2-2.c: 68: if(RD4){
   150  07B5  1E08               	btfss	8,4	;volatile
   151  07B6  2FAA               	goto	l37
   152                           
   153                           ;LE2-2.c: 69: if(DATA == 0x00){
   154  07B7  0873               	movf	main@DATA+1,w
   155  07B8  0472               	iorwf	main@DATA,w
   156  07B9  1D03               	skipz
   157  07BA  2FBD               	goto	l574
   158                           
   159                           ;LE2-2.c: 70: PORTA = 0x01;
   160  07BB  3001               	movlw	1
   161  07BC  2FF4               	goto	L8
   162  07BD                     l574:	
   163                           ;LE2-2.c: 71: }
   164                           
   165                           
   166                           ;LE2-2.c: 72: else if(DATA == 0x01){
   167  07BD  3001               	movlw	1
   168  07BE  0672               	xorwf	main@DATA,w
   169  07BF  0473               	iorwf	main@DATA+1,w
   170  07C0  1D03               	skipz
   171  07C1  2FC4               	goto	l578
   172                           
   173                           ;LE2-2.c: 73: PORTA = 0x02;
   174  07C2  3002               	movlw	2
   175  07C3  2FF4               	goto	L8
   176  07C4                     l578:	
   177                           ;LE2-2.c: 74: }
   178                           
   179                           
   180                           ;LE2-2.c: 75: else if(DATA == 0x02){
   181  07C4  3002               	movlw	2
   182  07C5  0672               	xorwf	main@DATA,w
   183  07C6  0473               	iorwf	main@DATA+1,w
   184  07C7  1D03               	skipz
   185  07C8  2FCB               	goto	l582
   186                           
   187                           ;LE2-2.c: 76: PORTA = 0x03;
   188  07C9  3003               	movlw	3
   189  07CA  2FF4               	goto	L8
   190  07CB                     l582:	
   191                           ;LE2-2.c: 77: }
   192                           
   193                           
   194                           ;LE2-2.c: 78: else if(DATA == 0x04){
   195  07CB  3004               	movlw	4
   196  07CC  0672               	xorwf	main@DATA,w
   197  07CD  0473               	iorwf	main@DATA+1,w
   198  07CE  1D03               	skipz
   199  07CF  2FD2               	goto	l586
   200                           
   201                           ;LE2-2.c: 79: PORTA = 0x04;
   202  07D0  3004               	movlw	4
   203  07D1  2FF4               	goto	L8
   204  07D2                     l586:	
   205                           ;LE2-2.c: 80: }
   206                           
   207                           
   208                           ;LE2-2.c: 81: else if(DATA == 0x05){
   209  07D2  3005               	movlw	5
   210  07D3  0672               	xorwf	main@DATA,w
   211  07D4  0473               	iorwf	main@DATA+1,w
   212  07D5  1D03               	skipz
   213  07D6  2FD9               	goto	l590
   214                           
   215                           ;LE2-2.c: 82: PORTA = 0x05;
   216  07D7  3005               	movlw	5
   217  07D8  2FF4               	goto	L8
   218  07D9                     l590:	
   219                           ;LE2-2.c: 83: }
   220                           
   221                           
   222                           ;LE2-2.c: 84: else if(DATA == 0x06){
   223  07D9  3006               	movlw	6
   224  07DA  0672               	xorwf	main@DATA,w
   225  07DB  0473               	iorwf	main@DATA+1,w
   226  07DC  1D03               	skipz
   227  07DD  2FE0               	goto	l594
   228                           
   229                           ;LE2-2.c: 85: PORTA = 0x06;
   230  07DE  3006               	movlw	6
   231  07DF  2FF4               	goto	L8
   232  07E0                     l594:	
   233                           ;LE2-2.c: 86: }
   234                           
   235                           
   236                           ;LE2-2.c: 87: else if(DATA == 0x08){
   237  07E0  3008               	movlw	8
   238  07E1  0672               	xorwf	main@DATA,w
   239  07E2  0473               	iorwf	main@DATA+1,w
   240  07E3  1D03               	skipz
   241  07E4  2FE7               	goto	l598
   242                           
   243                           ;LE2-2.c: 88: PORTA = 0x07;
   244  07E5  3007               	movlw	7
   245  07E6  2FF4               	goto	L8
   246  07E7                     l598:	
   247                           ;LE2-2.c: 89: }
   248                           
   249                           
   250                           ;LE2-2.c: 90: else if(DATA == 0x09){
   251  07E7  3009               	movlw	9
   252  07E8  0672               	xorwf	main@DATA,w
   253  07E9  0473               	iorwf	main@DATA+1,w
   254  07EA  1D03               	skipz
   255  07EB  2FEE               	goto	l602
   256                           
   257                           ;LE2-2.c: 91: PORTA = 0x08;
   258  07EC  3008               	movlw	8
   259  07ED  2FF4               	goto	L8
   260  07EE                     l602:	
   261                           ;LE2-2.c: 92: }
   262                           
   263                           
   264                           ;LE2-2.c: 93: else if(DATA == 0x0A){
   265  07EE  300A               	movlw	10
   266  07EF  0672               	xorwf	main@DATA,w
   267  07F0  0473               	iorwf	main@DATA+1,w
   268  07F1  1D03               	skipz
   269  07F2  2FF6               	goto	l606
   270                           
   271                           ;LE2-2.c: 94: PORTA = 0x09;
   272  07F3  3009               	movlw	9
   273  07F4                     L8:	
   274  07F4  0085               	movwf	5	;volatile
   275                           
   276                           ;LE2-2.c: 95: }
   277  07F5  2FAA               	goto	l37
   278  07F6                     l606:	
   279                           
   280                           ;LE2-2.c: 96: else if(DATA == 0x00){
   281  07F6  0873               	movf	main@DATA+1,w
   282  07F7  0472               	iorwf	main@DATA,w
   283  07F8  1D03               	skipz
   284  07F9  2FAA               	goto	l37
   285                           
   286                           ;LE2-2.c: 97: PORTA = 0x00;
   287  07FA  0185               	clrf	5	;volatile
   288  07FB  2FAA               	goto	l37
   289  07FC                     __end_of_main:	
   290  007E                     btemp	set	126	;btemp
   291  007E                     wtemp	set	126
   292  007E                     wtemp0	set	126
   293  0080                     wtemp1	set	128
   294  0082                     wtemp2	set	130
   295  0084                     wtemp3	set	132
   296  0086                     wtemp4	set	134
   297  0088                     wtemp5	set	136
   298  007F                     wtemp6	set	127
   299  007E                     ttemp	set	126
   300  007E                     ttemp0	set	126
   301  0081                     ttemp1	set	129
   302  0084                     ttemp2	set	132
   303  0087                     ttemp3	set	135
   304  007F                     ttemp4	set	127
   305  007E                     ltemp	set	126
   306  007E                     ltemp0	set	126
   307  0082                     ltemp1	set	130
   308  0086                     ltemp2	set	134
   309  0080                     ltemp3	set	128
   310                           
   311                           	psect	cinit
   312  07FC                     start_initialization:	
   313  07FC                     __initialization:	
   314  07FC                     end_of_initialization:	
   315                           ;End of C runtime variable initialization code
   316                           
   317  07FC                     __end_of__initialization:	
   318  07FC  0183               	clrf	3
   319  07FD  120A  118A  2FA5   	ljmp	_main	;jump to C main() function
   320                           
   321                           	psect	cstackCOMMON
   322  0070                     __pcstackCOMMON:	
   323  0070                     ?_main:	
   324  0070                     ??_main:	
   325                           ; 0 bytes @ 0x0
   326                           
   327                           
   328                           ; 0 bytes @ 0x0
   329  0070                     	ds	2
   330  0072                     main@DATA:	
   331                           
   332                           ; 2 bytes @ 0x2
   333  0072                     	ds	2


Data Sizes:
    Strings     0
    Constant    0
    Data        0
    BSS         0
    Persistent  0
    Stack       0

Auto Spaces:
    Space          Size  Autos    Used
    COMMON           14      4       4
    BANK0            80      0       0
    BANK1            80      0       0
    BANK3            96      0       0
    BANK2            96      0       0

Pointer List with Targets:

    None.

Critical Paths under _main in COMMON

    None.

Critical Paths under _main in BANK0

    None.

Critical Paths under _main in BANK1

    None.

Critical Paths under _main in BANK3

    None.

Critical Paths under _main in BANK2

    None.

Call Graph Tables:

 ---------------------------------------------------------------------------------
 (Depth) Function   	        Calls       Base Space   Used Autos Params    Refs
 ---------------------------------------------------------------------------------
 (0) _main                                                 4     4      0     150
                                              0 COMMON     4     4      0
 ---------------------------------------------------------------------------------
 Estimated maximum stack depth 0
 ---------------------------------------------------------------------------------

 Call Graph Graphs:

 _main (ROOT)

 Address spaces:
Name               Size   Autos  Total    Cost      Usage
BITCOMMON            E      0       0       0        0.0%
EEDATA             100      0       0       0        0.0%
NULL                 0      0       0       0        0.0%
CODE                 0      0       0       0        0.0%
COMMON               E      4       4       1       28.6%
BITSFR0              0      0       0       1        0.0%
SFR0                 0      0       0       1        0.0%
BITSFR1              0      0       0       2        0.0%
SFR1                 0      0       0       2        0.0%
STACK                0      0       0       2        0.0%
ABS                  0      0       0       3        0.0%
BITBANK0            50      0       0       4        0.0%
BITSFR3              0      0       0       4        0.0%
SFR3                 0      0       0       4        0.0%
BANK0               50      0       0       5        0.0%
BITSFR2              0      0       0       5        0.0%
SFR2                 0      0       0       5        0.0%
BITBANK1            50      0       0       6        0.0%
BANK1               50      0       0       7        0.0%
BITBANK3            60      0       0       8        0.0%
BANK3               60      0       0       9        0.0%
BITBANK2            60      0       0      10        0.0%
BANK2               60      0       0      11        0.0%
DATA                 0      0       0      12        0.0%


Microchip Technology PIC Macro Assembler V1.33 build 59893 
Symbol Table                                                                                   Wed Feb 12 21:43:40 2025

            __CFG_CP$OFF 0000                       l37 07AA                       l38 07B3  
                    l602 07EE                      l606 07F6                      l590 07D9  
                    l582 07CB                      l574 07BD                      l594 07E0  
                    l586 07D2                      l578 07C4                      l598 07E7  
                    _RC0 0038                      _RC1 0039                      _RC2 003A  
                    _RD4 0044             __CFG_CPD$OFF 0000             __CFG_FOSC$XT 0000  
           __CFG_LVP$OFF 0000             __CFG_WRT$OFF 0000                     _main 07A5  
                   btemp 007E            __CFG_BOREN$ON 0000                     ltemp 007E  
                   start 0000                     ttemp 007E                     wtemp 007E  
                  ?_main 0070            __CFG_WDTE$OFF 0000                    _PORTA 0005  
                  _PORTB 0006                    _PORTD 0008                    _TRISA 0085  
                  _TRISD 0088            __CFG_PWRTE$ON 0000                    ltemp0 007E  
                  ltemp1 0082                    ltemp2 0086                    ltemp3 0080  
                  ttemp0 007E                    ttemp1 0081                    ttemp2 0084  
                  ttemp3 0087                    ttemp4 007F                    status 0003  
                  wtemp0 007E                    wtemp1 0080                    wtemp2 0082  
                  wtemp3 0084                    wtemp4 0086                    wtemp5 0088  
                  wtemp6 007F          __initialization 07FC             __end_of_main 07FC  
                 ??_main 0070  __end_of__initialization 07FC           __pcstackCOMMON 0070  
             __pmaintext 07A5     end_of_initialization 07FC      start_initialization 07FC  
              ___latbits 0002            __size_of_main 0057                 main@DATA 0072  
