

Microchip Technology PIC LITE Macro Assembler V1.33 build 59893 
                                                                                               Wed Feb 12 17:07:35 2025

Microchip Technology Omniscient Code Generator (Lite mode) build 59893
     1                           	processor	16F877A
     2                           	opt	pw 120
     3                           	opt	lm
     4                           	psect	text0,local,class=CODE,merge=1,delta=2
     5                           	psect	cinit,global,class=CODE,merge=1,delta=2
     6                           	psect	cstackCOMMON,global,class=COMMON,space=1,delta=1
     7                           	psect	maintext,global,class=CODE,split=1,delta=2
     8                           	psect	text1,local,class=CODE,merge=1,delta=2
     9                           	psect	text2,local,class=CODE,merge=1,delta=2
    10                           	psect	text3,local,class=CODE,merge=1,delta=2
    11                           	psect	text4,local,class=CODE,merge=1,delta=2
    12                           	dabs	1,0x7E,2
    13  0000                     	;# 
    14  0001                     	;# 
    15  0002                     	;# 
    16  0003                     	;# 
    17  0004                     	;# 
    18  0005                     	;# 
    19  0006                     	;# 
    20  0007                     	;# 
    21  0008                     	;# 
    22  0009                     	;# 
    23  000A                     	;# 
    24  000B                     	;# 
    25  000C                     	;# 
    26  000D                     	;# 
    27  000E                     	;# 
    28  000E                     	;# 
    29  000F                     	;# 
    30  0010                     	;# 
    31  0011                     	;# 
    32  0012                     	;# 
    33  0013                     	;# 
    34  0014                     	;# 
    35  0015                     	;# 
    36  0015                     	;# 
    37  0016                     	;# 
    38  0017                     	;# 
    39  0018                     	;# 
    40  0019                     	;# 
    41  001A                     	;# 
    42  001B                     	;# 
    43  001B                     	;# 
    44  001C                     	;# 
    45  001D                     	;# 
    46  001E                     	;# 
    47  001F                     	;# 
    48  0081                     	;# 
    49  0085                     	;# 
    50  0086                     	;# 
    51  0087                     	;# 
    52  0088                     	;# 
    53  0089                     	;# 
    54  008C                     	;# 
    55  008D                     	;# 
    56  008E                     	;# 
    57  0091                     	;# 
    58  0092                     	;# 
    59  0093                     	;# 
    60  0094                     	;# 
    61  0098                     	;# 
    62  0099                     	;# 
    63  009C                     	;# 
    64  009D                     	;# 
    65  009E                     	;# 
    66  009F                     	;# 
    67  010C                     	;# 
    68  010D                     	;# 
    69  010E                     	;# 
    70  010F                     	;# 
    71  018C                     	;# 
    72  018D                     	;# 
    73  0006                     _PORTB	set	6
    74  0008                     _PORTD	set	8
    75  0038                     _RC0	set	56
    76  0039                     _RC1	set	57
    77  003A                     _RC2	set	58
    78  0044                     _RD4	set	68
    79  0086                     _TRISB	set	134
    80  0087                     _TRISC	set	135
    81  0088                     _TRISD	set	136
    82                           
    83                           	psect	text0
    84  0000                     __ptext0:	
    85                           ; #config settings
    86                           
    87                           
    88                           ;psect for function _delay
    89  0000                     
    90                           	psect	cinit
    91  07FC                     start_initialization:	
    92  07FC                     __initialization:	
    93  07FC                     end_of_initialization:	
    94                           ;End of C runtime variable initialization code
    95                           
    96  07FC                     __end_of__initialization:	
    97  07FC  0183               	clrf	3
    98  07FD  120A  118A  2FA7   	ljmp	_main	;jump to C main() function
    99                           
   100                           	psect	cstackCOMMON
   101  0070                     __pcstackCOMMON:	
   102  0070                     ?_delay:	
   103  0070                     ?_instCtrl:	
   104                           ; 0 bytes @ 0x0
   105                           
   106  0070                     ?_dataCtrl:	
   107                           ; 0 bytes @ 0x0
   108                           
   109  0070                     ?_initLCD:	
   110                           ; 0 bytes @ 0x0
   111                           
   112  0070                     ?_main:	
   113                           ; 0 bytes @ 0x0
   114                           
   115  0070                     delay@MUL:	
   116                           ; 0 bytes @ 0x0
   117                           
   118                           
   119                           ; 2 bytes @ 0x0
   120  0070                     	ds	2
   121  0072                     ??_delay:	
   122  0072                     delay@i:	
   123                           ; 0 bytes @ 0x2
   124                           
   125                           
   126                           ; 2 bytes @ 0x2
   127  0072                     	ds	2
   128  0074                     delay@j:	
   129                           
   130                           ; 2 bytes @ 0x4
   131  0074                     	ds	2
   132  0076                     ??_instCtrl:	
   133  0076                     ??_dataCtrl:	
   134                           ; 0 bytes @ 0x6
   135                           
   136  0076                     instCtrl@INST:	
   137                           ; 0 bytes @ 0x6
   138                           
   139  0076                     dataCtrl@DATA:	
   140                           ; 1 bytes @ 0x6
   141                           
   142                           
   143                           ; 1 bytes @ 0x6
   144  0076                     	ds	1
   145  0077                     ??_initLCD:	
   146  0077                     ??_main:	
   147                           ; 0 bytes @ 0x7
   148                           
   149                           
   150                           ; 0 bytes @ 0x7
   151  0077                     	ds	1
   152  0078                     main@DATA:	
   153                           
   154                           ; 1 bytes @ 0x8
   155  0078                     	ds	1
   156                           
   157                           	psect	maintext
   158  07A7                     __pmaintext:	
   159 ;;
   160 ;;Main: autosize = 0, tempsize = 1, incstack = 0, save=0
   161 ;;
   162 ;; *************** function _main *****************
   163 ;; Defined at:
   164 ;;		line 54 in file "Z:\CPE3201_CANQUE_LabExercise\PA2\LE2-2.c"
   165 ;; Parameters:    Size  Location     Type
   166 ;;		None
   167 ;; Auto vars:     Size  Location     Type
   168 ;;  DATA            1    8[COMMON] unsigned char 
   169 ;; Return value:  Size  Location     Type
   170 ;;		None               void
   171 ;; Registers used:
   172 ;;		wreg, status,2, status,0, btemp+1, pclath, cstack
   173 ;; Tracked objects:
   174 ;;		On entry : 17F/0
   175 ;;		On exit  : 0/0
   176 ;;		Unchanged: 0/0
   177 ;; Data sizes:     COMMON   BANK0   BANK1   BANK3   BANK2
   178 ;;      Params:         0       0       0       0       0
   179 ;;      Locals:         1       0       0       0       0
   180 ;;      Temps:          1       0       0       0       0
   181 ;;      Totals:         2       0       0       0       0
   182 ;;Total ram usage:        2 bytes
   183 ;; Hardware stack levels required when called:    3
   184 ;; This function calls:
   185 ;;		_dataCtrl
   186 ;;		_initLCD
   187 ;;		_instCtrl
   188 ;; This function is called by:
   189 ;;		Startup code after reset
   190 ;; This function uses a non-reentrant model
   191 ;;
   192                           
   193                           
   194                           ;psect for function _main
   195  07A7                     _main:	
   196                           
   197                           ;LE2-2.c: 56: unsigned char DATA;
   198                           ;LE2-2.c: 59: TRISB = 0x00;
   199                           
   200                           ;incstack = 0
   201                           ; Regs used in _main: [wreg+status,2+status,0+btemp+1+pclath+cstack]
   202  07A7  1683               	bsf	3,5	;RP0=1, select bank1
   203  07A8  1303               	bcf	3,6	;RP1=0, select bank1
   204  07A9  0186               	clrf	6	;volatile
   205                           
   206                           ;LE2-2.c: 60: TRISC = 0x00;
   207  07AA  0187               	clrf	7	;volatile
   208                           
   209                           ;LE2-2.c: 61: TRISD = 0xFF;
   210  07AB  30FF               	movlw	255
   211  07AC  0088               	movwf	8	;volatile
   212                           
   213                           ;LE2-2.c: 62: initLCD();
   214  07AD  120A  118A  2781  120A  118A  	fcall	_initLCD
   215                           
   216                           ;LE2-2.c: 65: instCtrl(0x80);
   217  07B2  3080               	movlw	128
   218  07B3  120A  118A  276E  120A  118A  	fcall	_instCtrl
   219  07B8                     l556:	
   220                           ;LE2-2.c: 66: while(1){
   221                           
   222                           
   223                           ;LE2-2.c: 67: if (RD4 == 1){
   224  07B8  1283               	bcf	3,5	;RP0=0, select bank0
   225  07B9  1303               	bcf	3,6	;RP1=0, select bank0
   226  07BA  1E08               	btfss	8,4	;volatile
   227  07BB  2FB8               	goto	l556
   228                           
   229                           ;LE2-2.c: 68: DATA = PORTD & 0x0F;
   230  07BC  0808               	movf	8,w	;volatile
   231  07BD  390F               	andlw	15
   232  07BE  00F7               	movwf	??_main
   233  07BF  0877               	movf	??_main,w
   234  07C0  00F8               	movwf	main@DATA
   235  07C1                     l39:	
   236                           ;LE2-2.c: 69: while(RD4){}
   237                           
   238  07C1  1A08               	btfsc	8,4	;volatile
   239  07C2  2FC1               	goto	l39
   240                           
   241                           ;LE2-2.c: 70: if(DATA == 0x00){dataCtrl('1');}
   242  07C3  08F8               	movf	main@DATA,f
   243  07C4  1D03               	skipz
   244  07C5  2FB8               	goto	l556
   245  07C6  3031               	movlw	49
   246  07C7  120A  118A  275B  120A  118A  	fcall	_dataCtrl
   247  07CC  2FB8               	goto	l556
   248  07CD                     __end_of_main:	
   249                           
   250                           	psect	text1
   251  0781                     __ptext1:	
   252 ;; *************** function _initLCD *****************
   253 ;; Defined at:
   254 ;;		line 41 in file "Z:\CPE3201_CANQUE_LabExercise\PA2\LE2-2.c"
   255 ;; Parameters:    Size  Location     Type
   256 ;;		None
   257 ;; Auto vars:     Size  Location     Type
   258 ;;		None
   259 ;; Return value:  Size  Location     Type
   260 ;;		None               void
   261 ;; Registers used:
   262 ;;		wreg, status,2, status,0, btemp+1, pclath, cstack
   263 ;; Tracked objects:
   264 ;;		On entry : 0/0
   265 ;;		On exit  : 0/0
   266 ;;		Unchanged: 0/0
   267 ;; Data sizes:     COMMON   BANK0   BANK1   BANK3   BANK2
   268 ;;      Params:         0       0       0       0       0
   269 ;;      Locals:         0       0       0       0       0
   270 ;;      Temps:          0       0       0       0       0
   271 ;;      Totals:         0       0       0       0       0
   272 ;;Total ram usage:        0 bytes
   273 ;; Hardware stack levels used:    1
   274 ;; Hardware stack levels required when called:    2
   275 ;; This function calls:
   276 ;;		_delay
   277 ;;		_instCtrl
   278 ;; This function is called by:
   279 ;;		_main
   280 ;; This function uses a non-reentrant model
   281 ;;
   282                           
   283                           
   284                           ;psect for function _initLCD
   285  0781                     _initLCD:	
   286                           
   287                           ;LE2-2.c: 43: delay(1);
   288                           
   289                           ;incstack = 0
   290                           ; Regs used in _initLCD: [wreg+status,2+status,0+btemp+1+pclath+cstack]
   291  0781  3001               	movlw	1
   292  0782  00F0               	movwf	delay@MUL
   293  0783  3000               	movlw	0
   294  0784  00F1               	movwf	delay@MUL+1
   295  0785  120A  118A  27CD  120A  118A  	fcall	_delay
   296                           
   297                           ;LE2-2.c: 44: instCtrl(0x38);
   298  078A  3038               	movlw	56
   299  078B  120A  118A  276E  120A  118A  	fcall	_instCtrl
   300                           
   301                           ;LE2-2.c: 45: instCtrl(0x08);
   302  0790  3008               	movlw	8
   303  0791  120A  118A  276E  120A  118A  	fcall	_instCtrl
   304                           
   305                           ;LE2-2.c: 46: instCtrl(0x01);
   306  0796  3001               	movlw	1
   307  0797  120A  118A  276E  120A  118A  	fcall	_instCtrl
   308                           
   309                           ;LE2-2.c: 47: instCtrl(0x06);
   310  079C  3006               	movlw	6
   311  079D  120A  118A  276E  120A  118A  	fcall	_instCtrl
   312                           
   313                           ;LE2-2.c: 48: instCtrl(0x0E);
   314  07A2  300E               	movlw	14
   315  07A3  120A  118A  276E   	fcall	_instCtrl
   316  07A6  0008               	return
   317  07A7                     __end_of_initLCD:	
   318                           
   319                           	psect	text2
   320  076E                     __ptext2:	
   321 ;; *************** function _instCtrl *****************
   322 ;; Defined at:
   323 ;;		line 21 in file "Z:\CPE3201_CANQUE_LabExercise\PA2\LE2-2.c"
   324 ;; Parameters:    Size  Location     Type
   325 ;;  INST            1    wreg     unsigned char 
   326 ;; Auto vars:     Size  Location     Type
   327 ;;  INST            1    6[COMMON] unsigned char 
   328 ;; Return value:  Size  Location     Type
   329 ;;		None               void
   330 ;; Registers used:
   331 ;;		wreg, status,2, status,0, btemp+1, pclath, cstack
   332 ;; Tracked objects:
   333 ;;		On entry : 0/0
   334 ;;		On exit  : 0/0
   335 ;;		Unchanged: 0/0
   336 ;; Data sizes:     COMMON   BANK0   BANK1   BANK3   BANK2
   337 ;;      Params:         0       0       0       0       0
   338 ;;      Locals:         1       0       0       0       0
   339 ;;      Temps:          0       0       0       0       0
   340 ;;      Totals:         1       0       0       0       0
   341 ;;Total ram usage:        1 bytes
   342 ;; Hardware stack levels used:    1
   343 ;; Hardware stack levels required when called:    1
   344 ;; This function calls:
   345 ;;		_delay
   346 ;; This function is called by:
   347 ;;		_initLCD
   348 ;;		_main
   349 ;; This function uses a non-reentrant model
   350 ;;
   351                           
   352                           
   353                           ;psect for function _instCtrl
   354  076E                     _instCtrl:	
   355                           
   356                           ;incstack = 0
   357                           ; Regs used in _instCtrl: [wreg+status,2+status,0+btemp+1+pclath+cstack]
   358                           ;instCtrl@INST stored from wreg
   359  076E  00F6               	movwf	instCtrl@INST
   360                           
   361                           ;LE2-2.c: 23: PORTB = INST;
   362  076F  0876               	movf	instCtrl@INST,w
   363  0770  1283               	bcf	3,5	;RP0=0, select bank0
   364  0771  1303               	bcf	3,6	;RP1=0, select bank0
   365  0772  0086               	movwf	6	;volatile
   366                           
   367                           ;LE2-2.c: 24: RC0 = 0;
   368  0773  1007               	bcf	7,0	;volatile
   369                           
   370                           ;LE2-2.c: 25: RC1 = 0;
   371  0774  1087               	bcf	7,1	;volatile
   372                           
   373                           ;LE2-2.c: 26: RC2 = 1;
   374  0775  1507               	bsf	7,2	;volatile
   375                           
   376                           ;LE2-2.c: 27: delay(1);
   377  0776  3001               	movlw	1
   378  0777  00F0               	movwf	delay@MUL
   379  0778  3000               	movlw	0
   380  0779  00F1               	movwf	delay@MUL+1
   381  077A  120A  118A  27CD   	fcall	_delay
   382                           
   383                           ;LE2-2.c: 28: RC2 = 0;
   384  077D  1283               	bcf	3,5	;RP0=0, select bank0
   385  077E  1303               	bcf	3,6	;RP1=0, select bank0
   386  077F  1107               	bcf	7,2	;volatile
   387  0780  0008               	return
   388  0781                     __end_of_instCtrl:	
   389                           
   390                           	psect	text3
   391  075B                     __ptext3:	
   392 ;; *************** function _dataCtrl *****************
   393 ;; Defined at:
   394 ;;		line 31 in file "Z:\CPE3201_CANQUE_LabExercise\PA2\LE2-2.c"
   395 ;; Parameters:    Size  Location     Type
   396 ;;  DATA            1    wreg     unsigned char 
   397 ;; Auto vars:     Size  Location     Type
   398 ;;  DATA            1    6[COMMON] unsigned char 
   399 ;; Return value:  Size  Location     Type
   400 ;;		None               void
   401 ;; Registers used:
   402 ;;		wreg, status,2, status,0, btemp+1, pclath, cstack
   403 ;; Tracked objects:
   404 ;;		On entry : 0/0
   405 ;;		On exit  : 0/0
   406 ;;		Unchanged: 0/0
   407 ;; Data sizes:     COMMON   BANK0   BANK1   BANK3   BANK2
   408 ;;      Params:         0       0       0       0       0
   409 ;;      Locals:         1       0       0       0       0
   410 ;;      Temps:          0       0       0       0       0
   411 ;;      Totals:         1       0       0       0       0
   412 ;;Total ram usage:        1 bytes
   413 ;; Hardware stack levels used:    1
   414 ;; Hardware stack levels required when called:    1
   415 ;; This function calls:
   416 ;;		_delay
   417 ;; This function is called by:
   418 ;;		_main
   419 ;; This function uses a non-reentrant model
   420 ;;
   421                           
   422                           
   423                           ;psect for function _dataCtrl
   424  075B                     _dataCtrl:	
   425                           
   426                           ;incstack = 0
   427                           ; Regs used in _dataCtrl: [wreg+status,2+status,0+btemp+1+pclath+cstack]
   428                           ;dataCtrl@DATA stored from wreg
   429  075B  00F6               	movwf	dataCtrl@DATA
   430                           
   431                           ;LE2-2.c: 33: PORTB = DATA;
   432  075C  0876               	movf	dataCtrl@DATA,w
   433  075D  1283               	bcf	3,5	;RP0=0, select bank0
   434  075E  1303               	bcf	3,6	;RP1=0, select bank0
   435  075F  0086               	movwf	6	;volatile
   436                           
   437                           ;LE2-2.c: 34: RC0 = 1;
   438  0760  1407               	bsf	7,0	;volatile
   439                           
   440                           ;LE2-2.c: 35: RC1 = 0;
   441  0761  1087               	bcf	7,1	;volatile
   442                           
   443                           ;LE2-2.c: 36: RC2 = 1;
   444  0762  1507               	bsf	7,2	;volatile
   445                           
   446                           ;LE2-2.c: 37: delay(1);
   447  0763  3001               	movlw	1
   448  0764  00F0               	movwf	delay@MUL
   449  0765  3000               	movlw	0
   450  0766  00F1               	movwf	delay@MUL+1
   451  0767  120A  118A  27CD   	fcall	_delay
   452                           
   453                           ;LE2-2.c: 38: RC2 = 0;
   454  076A  1283               	bcf	3,5	;RP0=0, select bank0
   455  076B  1303               	bcf	3,6	;RP1=0, select bank0
   456  076C  1107               	bcf	7,2	;volatile
   457  076D  0008               	return
   458  076E                     __end_of_dataCtrl:	
   459                           
   460                           	psect	text4
   461  07CD                     __ptext4:	
   462 ;; *************** function _delay *****************
   463 ;; Defined at:
   464 ;;		line 12 in file "Z:\CPE3201_CANQUE_LabExercise\PA2\LE2-2.c"
   465 ;; Parameters:    Size  Location     Type
   466 ;;  MUL             2    0[COMMON] int 
   467 ;; Auto vars:     Size  Location     Type
   468 ;;  j               2    4[COMMON] int 
   469 ;;  i               2    2[COMMON] int 
   470 ;; Return value:  Size  Location     Type
   471 ;;		None               void
   472 ;; Registers used:
   473 ;;		wreg, status,2, status,0, btemp+1
   474 ;; Tracked objects:
   475 ;;		On entry : 0/0
   476 ;;		On exit  : 0/0
   477 ;;		Unchanged: 0/0
   478 ;; Data sizes:     COMMON   BANK0   BANK1   BANK3   BANK2
   479 ;;      Params:         2       0       0       0       0
   480 ;;      Locals:         4       0       0       0       0
   481 ;;      Temps:          0       0       0       0       0
   482 ;;      Totals:         6       0       0       0       0
   483 ;;Total ram usage:        6 bytes
   484 ;; Hardware stack levels used:    1
   485 ;; This function calls:
   486 ;;		Nothing
   487 ;; This function is called by:
   488 ;;		_instCtrl
   489 ;;		_dataCtrl
   490 ;;		_initLCD
   491 ;; This function uses a non-reentrant model
   492 ;;
   493                           
   494                           
   495                           ;psect for function _delay
   496  07CD                     _delay:	
   497                           
   498                           ;LE2-2.c: 14: int i,j;
   499                           ;LE2-2.c: 15: for (i=MUL; i != 0; i--){
   500                           
   501                           ;incstack = 0
   502                           ; Regs used in _delay: [wreg+status,2+status,0+btemp+1]
   503  07CD  0871               	movf	delay@MUL+1,w
   504  07CE  01F3               	clrf	delay@i+1
   505  07CF  07F3               	addwf	delay@i+1,f
   506  07D0  0870               	movf	delay@MUL,w
   507  07D1  01F2               	clrf	delay@i
   508  07D2  07F2               	addwf	delay@i,f
   509  07D3                     L1:	
   510  07D3  0873               	movf	delay@i+1,w
   511  07D4  0472               	iorwf	delay@i,w
   512  07D5  1903               	btfsc	3,2
   513  07D6  0008               	return
   514                           
   515                           ;LE2-2.c: 16: for (j=0; j < 256; j++){}
   516  07D7  01F4               	clrf	delay@j
   517  07D8  01F5               	clrf	delay@j+1
   518  07D9  0875               	movf	delay@j+1,w
   519  07DA  3A80               	xorlw	128
   520  07DB  00FF               	movwf	127
   521  07DC  3081               	movlw	129
   522  07DD  027F               	subwf	127,w
   523  07DE  1D03               	skipz
   524  07DF  2FE2               	goto	u25
   525  07E0  3000               	movlw	0
   526  07E1  0274               	subwf	delay@j,w
   527  07E2                     u25:	
   528  07E2  1803               	btfsc	3,0
   529  07E3  2FF5               	goto	l518
   530  07E4                     l514:	
   531  07E4  3001               	movlw	1
   532  07E5  07F4               	addwf	delay@j,f
   533  07E6  1803               	skipnc
   534  07E7  0AF5               	incf	delay@j+1,f
   535  07E8  3000               	movlw	0
   536  07E9  07F5               	addwf	delay@j+1,f
   537  07EA  0875               	movf	delay@j+1,w
   538  07EB  3A80               	xorlw	128
   539  07EC  00FF               	movwf	127
   540  07ED  3081               	movlw	129
   541  07EE  027F               	subwf	127,w
   542  07EF  1D03               	skipz
   543  07F0  2FF3               	goto	u35
   544  07F1  3000               	movlw	0
   545  07F2  0274               	subwf	delay@j,w
   546  07F3                     u35:	
   547  07F3  1C03               	skipc
   548  07F4  2FE4               	goto	l514
   549  07F5                     l518:	
   550  07F5  30FF               	movlw	255
   551  07F6  07F2               	addwf	delay@i,f
   552  07F7  1803               	skipnc
   553  07F8  0AF3               	incf	delay@i+1,f
   554  07F9  30FF               	movlw	255
   555  07FA  07F3               	addwf	delay@i+1,f
   556  07FB  2FD3               	goto	L1
   557  07FC                     __end_of_delay:	
   558  007E                     btemp	set	126	;btemp
   559  007E                     wtemp	set	126
   560  007E                     wtemp0	set	126
   561  0080                     wtemp1	set	128
   562  0082                     wtemp2	set	130
   563  0084                     wtemp3	set	132
   564  0086                     wtemp4	set	134
   565  0088                     wtemp5	set	136
   566  007F                     wtemp6	set	127
   567  007E                     ttemp	set	126
   568  007E                     ttemp0	set	126
   569  0081                     ttemp1	set	129
   570  0084                     ttemp2	set	132
   571  0087                     ttemp3	set	135
   572  007F                     ttemp4	set	127
   573  007E                     ltemp	set	126
   574  007E                     ltemp0	set	126
   575  0082                     ltemp1	set	130
   576  0086                     ltemp2	set	134
   577  0080                     ltemp3	set	128


Data Sizes:
    Strings     0
    Constant    0
    Data        0
    BSS         0
    Persistent  0
    Stack       0

Auto Spaces:
    Space          Size  Autos    Used
    COMMON           14      9       9
    BANK0            80      0       0
    BANK1            80      0       0
    BANK3            96      0       0
    BANK2            96      0       0

Pointer List with Targets:

    None.

Critical Paths under _main in COMMON

    _main->_dataCtrl
    _main->_instCtrl
    _initLCD->_instCtrl
    _instCtrl->_delay
    _dataCtrl->_delay

Critical Paths under _main in BANK0

    None.

Critical Paths under _main in BANK1

    None.

Critical Paths under _main in BANK3

    None.

Critical Paths under _main in BANK2

    None.

Call Graph Tables:

 ---------------------------------------------------------------------------------
 (Depth) Function   	        Calls       Base Space   Used Autos Params    Refs
 ---------------------------------------------------------------------------------
 (0) _main                                                 2     2      0     876
                                              7 COMMON     2     2      0
                           _dataCtrl
                            _initLCD
                           _instCtrl
 ---------------------------------------------------------------------------------
 (1) _initLCD                                              0     0      0     423
                              _delay
                           _instCtrl
 ---------------------------------------------------------------------------------
 (1) _instCtrl                                             1     1      0     219
                                              6 COMMON     1     1      0
                              _delay
 ---------------------------------------------------------------------------------
 (1) _dataCtrl                                             1     1      0     219
                                              6 COMMON     1     1      0
                              _delay
 ---------------------------------------------------------------------------------
 (2) _delay                                                6     4      2     204
                                              0 COMMON     6     4      2
 ---------------------------------------------------------------------------------
 Estimated maximum stack depth 2
 ---------------------------------------------------------------------------------

 Call Graph Graphs:

 _main (ROOT)
   _dataCtrl
     _delay
   _initLCD
     _delay
     _instCtrl
       _delay
   _instCtrl
     _delay

 Address spaces:
Name               Size   Autos  Total    Cost      Usage
BITCOMMON            E      0       0       0        0.0%
EEDATA             100      0       0       0        0.0%
NULL                 0      0       0       0        0.0%
CODE                 0      0       0       0        0.0%
COMMON               E      9       9       1       64.3%
BITSFR0              0      0       0       1        0.0%
SFR0                 0      0       0       1        0.0%
BITSFR1              0      0       0       2        0.0%
SFR1                 0      0       0       2        0.0%
STACK                0      0       0       2        0.0%
ABS                  0      0       0       3        0.0%
BITBANK0            50      0       0       4        0.0%
BITSFR3              0      0       0       4        0.0%
SFR3                 0      0       0       4        0.0%
BANK0               50      0       0       5        0.0%
BITSFR2              0      0       0       5        0.0%
SFR2                 0      0       0       5        0.0%
BITBANK1            50      0       0       6        0.0%
BANK1               50      0       0       7        0.0%
BITBANK3            60      0       0       8        0.0%
BANK3               60      0       0       9        0.0%
BITBANK2            60      0       0      10        0.0%
BANK2               60      0       0      11        0.0%
DATA                 0      0       0      12        0.0%


Microchip Technology PIC Macro Assembler V1.33 build 59893 
Symbol Table                                                                                   Wed Feb 12 17:07:35 2025

            __CFG_CP$OFF 0000                       l39 07C1                       u25 07E2  
                     u35 07F3                      l514 07E4                      l518 07F5  
                    l556 07B8                      _RC0 0038                      _RC1 0039  
                    _RC2 003A                      _RD4 0044             __CFG_CPD$OFF 0000  
           __CFG_FOSC$XT 0000             __CFG_LVP$OFF 0000             __CFG_WRT$OFF 0000  
                   _main 07A7                     btemp 007E            __CFG_BOREN$ON 0000  
                   ltemp 007E                     start 0000                     ttemp 007E  
                   wtemp 007E                    ?_main 0070            __CFG_WDTE$OFF 0000  
                  _PORTB 0006                    _PORTD 0008                    _TRISB 0086  
                  _TRISC 0087                    _TRISD 0088            __CFG_PWRTE$ON 0000  
        __end_of_initLCD 07A7                    _delay 07CD                    ltemp0 007E  
                  ltemp1 0082                    ltemp2 0086                    ltemp3 0080  
                  ttemp0 007E                    ttemp1 0081                    ttemp2 0084  
                  ttemp3 0087                    ttemp4 007F                    status 0003  
                  wtemp0 007E                    wtemp1 0080                    wtemp2 0082  
                  wtemp3 0084                    wtemp4 0086                    wtemp5 0088  
                  wtemp6 007F          __initialization 07FC             __end_of_main 07CD  
                 ??_main 0077                   ?_delay 0070         __end_of_dataCtrl 076E  
                 delay@i 0072                   delay@j 0074         __end_of_instCtrl 0781  
              ??_initLCD 0077  __end_of__initialization 07FC           __pcstackCOMMON 0070  
          __end_of_delay 07FC                  ??_delay 0072               __pmaintext 07A7  
              ?_dataCtrl 0070                ?_instCtrl 0070                  __ptext0 0000  
                __ptext1 0781                  __ptext2 076E                  __ptext3 075B  
                __ptext4 07CD                  _initLCD 0781               ??_dataCtrl 0076  
   end_of_initialization 07FC               ??_instCtrl 0076             instCtrl@INST 0076  
    start_initialization 07FC             dataCtrl@DATA 0076                ___latbits 0002  
      __size_of_dataCtrl 0013        __size_of_instCtrl 0013                 ?_initLCD 0070  
         __size_of_delay 002F                 _dataCtrl 075B         __size_of_initLCD 0026  
          __size_of_main 0026                 delay@MUL 0070                 _instCtrl 076E  
               main@DATA 0078  
